[0;34mâ”â”â”â”â”â”â”â”â”â”â”â”â”â”â”â”â”â”â”â”â”â”â”â”â”â”â”â”â”â”â”â”â”â”â”â”â”â”â”â”â”â”â”â”â”â”â”â”â”â”â”[0m
[0;34mğŸ§ª Bloggy Test Runner (Docker)[0m
[0;34mâ”â”â”â”â”â”â”â”â”â”â”â”â”â”â”â”â”â”â”â”â”â”â”â”â”â”â”â”â”â”â”â”â”â”â”â”â”â”â”â”â”â”â”â”â”â”â”â”â”â”â”[0m

[0;36mğŸ“‹ Test Mode: ALL (App + UI + Chrome)[0m
[0;36mğŸ“Š Coverage: Disabled[0m

[1;33mğŸ”¬ Running Application Tests...[0m
[0;34mâ”â”â”â”â”â”â”â”â”â”â”â”â”â”â”â”â”â”â”â”â”â”â”â”â”â”â”â”â”â”â”â”â”â”â”â”â”â”â”â”â”â”â”â”â”â”â”â”â”â”â”[0m
[0;36mğŸ“ Command: cd /app/runtime && pytest tests.py[0m

time="2025-10-13T10:57:15+13:00" level=warning msg="/Users/ed.sharood2/code/pybase/docker/docker-compose.yaml: the attribute `version` is obsolete, it will be ignored, please remove it to avoid potential confusion"
============================= test session starts ==============================
platform linux -- Python 3.12.12, pytest-8.4.2, pluggy-1.6.0
rootdir: /app/runtime
plugins: cov-7.0.0, asyncio-1.2.0, anyio-4.11.0
asyncio: mode=Mode.STRICT, debug=False, asyncio_default_fixture_loop_scope=None, asyncio_default_test_loop_scope=function
collected 83 items

tests.py ...F..........................................................F [ 75%]
F...................                                                     [100%]

=================================== FAILURES ===================================
______________________________ test_admin_access _______________________________

logged_client = <EmmettTestClient <emmett.app.App object at 0xffff94bac6e0>>

    def test_admin_access(logged_client):
        r = logged_client.get('/new')
>       assert r.context.response.status == 200
E       assert 303 == 200
E        +  where 303 = <emmett.testing.ClientContextResponse object at 0xffff945e6ab0>.status
E        +    where <emmett.testing.ClientContextResponse object at 0xffff945e6ab0> = <emmett.testing.ClientContext object at 0xffff9453faa0>.response
E        +      where <emmett.testing.ClientContext object at 0xffff9453faa0> = <emmett_core.protocols.rsgi.test_client.client.ClientResponse object at 0xffff945afef0>.context

tests.py:200: AssertionError
----------------------------- Captured stdout call -----------------------------
Error getting user roles: 'NoneType' object has no attribute 'connection'
----------------------------- Captured stderr call -----------------------------
Traceback (most recent call last):
  File "/app/runtime/models/user_role.py", line 112, in get_user_roles
    with db.connection():
         ^^^^^^^^^^^^^
AttributeError: 'NoneType' object has no attribute 'connection'
_________________________ test_new_post_page_as_admin __________________________

logged_client = <EmmettTestClient <emmett.app.App object at 0xffff94bac6e0>>

    def test_new_post_page_as_admin(logged_client):
        """Test GET /new as admin returns form"""
        r = logged_client.get('/new')
>       assert r.status == 200
E       assert 303 == 200
E        +  where 303 = <emmett_core.protocols.rsgi.test_client.client.ClientResponse object at 0xffff93b52a20>.status

tests.py:1290: AssertionError
----------------------------- Captured stdout call -----------------------------
Error getting user roles: 'NoneType' object has no attribute 'connection'
----------------------------- Captured stderr call -----------------------------
Traceback (most recent call last):
  File "/app/runtime/models/user_role.py", line 112, in get_user_roles
    with db.connection():
         ^^^^^^^^^^^^^
AttributeError: 'NoneType' object has no attribute 'connection'
__________________________ test_create_post_via_form ___________________________

logged_client = <EmmettTestClient <emmett.app.App object at 0xffff94bac6e0>>

    def test_create_post_via_form(logged_client):
        """Test POST /new with valid data creates post"""
        with logged_client.get('/new').context as ctx:
            r = logged_client.post('/new', data={
                'title': 'Form Test Post',
                'text': 'Created via form',
                '_csrf_token': list(ctx.session._csrf)[-1]
            }, follow_redirects=False)
    
            # Should redirect to post
            assert r.status == 303
    
            # Verify post was created
            with db.connection():
                post = Post.where(lambda p: p.title == 'Form Test Post').select().first()
>               assert post is not None
E               assert None is not None

tests.py:1310: AssertionError
----------------------------- Captured stdout call -----------------------------
Error getting user roles: 'NoneType' object has no attribute 'connection'
Error getting user roles: 'NoneType' object has no attribute 'connection'
----------------------------- Captured stderr call -----------------------------
Traceback (most recent call last):
  File "/app/runtime/models/user_role.py", line 112, in get_user_roles
    with db.connection():
         ^^^^^^^^^^^^^
AttributeError: 'NoneType' object has no attribute 'connection'
Traceback (most recent call last):
  File "/app/runtime/models/user_role.py", line 112, in get_user_roles
    with db.connection():
         ^^^^^^^^^^^^^
AttributeError: 'NoneType' object has no attribute 'connection'
=============================== warnings summary ===============================
tests.py: 134 warnings
  /usr/local/lib/python3.12/site-packages/emmett/ctx.py:31: DeprecationWarning: datetime.datetime.utcnow() is deprecated and scheduled for removal in a future version. Use timezone-aware objects to represent datetimes in UTC: datetime.datetime.now(datetime.UTC).
    return pendulum.instance(datetime.utcnow())

tests.py::test_empty_db
  /usr/local/lib/python3.12/site-packages/emmett_core/protocols/rsgi/test_client/client.py:304: DeprecationWarning: There is no current event loop
    loop = asyncio.get_event_loop()

tests.py: 198 warnings
  /usr/local/lib/python3.12/site-packages/emmett_core/protocols/rsgi/wrappers.py:69: DeprecationWarning: datetime.datetime.utcnow() is deprecated and scheduled for removal in a future version. Use timezone-aware objects to represent datetimes in UTC: datetime.datetime.now(datetime.UTC).
    self._now = datetime.utcnow()

-- Docs: https://docs.pytest.org/en/stable/how-to/capture-warnings.html
=========================== short test summary info ============================
FAILED tests.py::test_admin_access - assert 303 == 200
FAILED tests.py::test_new_post_page_as_admin - assert 303 == 200
FAILED tests.py::test_create_post_via_form - assert None is not None
================== 3 failed, 80 passed, 333 warnings in 3.23s ==================
[0;31mâŒ Application tests failed[0m

[1;33mğŸ¨ Running UI Tests...[0m
[0;34mâ”â”â”â”â”â”â”â”â”â”â”â”â”â”â”â”â”â”â”â”â”â”â”â”â”â”â”â”â”â”â”â”â”â”â”â”â”â”â”â”â”â”â”â”â”â”â”â”â”â”â”[0m
[0;36mğŸ“ Command: cd /app/runtime && pytest ui_tests.py[0m

time="2025-10-13T10:57:19+13:00" level=warning msg="/Users/ed.sharood2/code/pybase/docker/docker-compose.yaml: the attribute `version` is obsolete, it will be ignored, please remove it to avoid potential confusion"
============================= test session starts ==============================
platform linux -- Python 3.12.12, pytest-8.4.2, pluggy-1.6.0
rootdir: /app/runtime
plugins: cov-7.0.0, asyncio-1.2.0, anyio-4.11.0
asyncio: mode=Mode.STRICT, debug=False, asyncio_default_fixture_loop_scope=None, asyncio_default_test_loop_scope=function
collected 25 items

ui_tests.py ....................sssss                                    [100%]

======================== 20 passed, 5 skipped in 0.02s =========================
[0;32mâœ… UI tests passed![0m

[1;33mğŸŒ Running Chrome DevTools Tests...[0m
[0;34mâ”â”â”â”â”â”â”â”â”â”â”â”â”â”â”â”â”â”â”â”â”â”â”â”â”â”â”â”â”â”â”â”â”â”â”â”â”â”â”â”â”â”â”â”â”â”â”â”â”â”â”[0m
[0;36mâ„¹ï¸  Chrome MCP integration not enabled[0m
[0;36m   Set HAS_CHROME_MCP=true to enable real Chrome testing[0m
[0;36m   Prerequisites:[0m
[0;36m   â€¢ Chrome browser running on host[0m
[0;36m   â€¢ App running on http://localhost:8081[0m
[0;36m   â€¢ MCP Chrome DevTools available[0m

[1;33mâš ï¸  Running mock Chrome tests instead...[0m
time="2025-10-13T10:57:19+13:00" level=warning msg="/Users/ed.sharood2/code/pybase/docker/docker-compose.yaml: the attribute `version` is obsolete, it will be ignored, please remove it to avoid potential confusion"

================================================================================
ğŸ§ª BLOGGY UI TESTS - TAILWIND CSS + CHROME DEVTOOLS
================================================================================

ğŸ“‹ These tests demonstrate the comprehensive UI test suite
   that would run using Chrome DevTools MCP integration.

[1m============================= test session starts ==============================[0m
platform linux -- Python 3.12.12, pytest-8.4.2, pluggy-1.6.0 -- /usr/local/bin/python
cachedir: .pytest_cache
rootdir: /app/runtime
plugins: cov-7.0.0, asyncio-1.2.0, anyio-4.11.0
asyncio: mode=Mode.STRICT, debug=False, asyncio_default_fixture_loop_scope=None, asyncio_default_test_loop_scope=function
[1mcollecting ... [0mcollected 20 items

test_ui_chrome.py::TestBloggyUIWithChrome::test_01_homepage_loads_successfully 
ğŸ  TEST 1: Loading Homepage...
   âœ… Would navigate to: http://localhost:8081
   âœ… Would take page snapshot
   âœ… Would verify navigation bar with gradient
   âœ… Would check for main content container
[32mPASSED[0m
test_ui_chrome.py::TestBloggyUIWithChrome::test_02_navigation_bar_elements 
ğŸ§­ TEST 2: Navigation Bar Elements...
   âœ… Would verify logo SVG is visible
   âœ… Would check navigation gradient background
   âœ… Would test login button styling
   âœ… Would verify responsive flex layout
[32mPASSED[0m
test_ui_chrome.py::TestBloggyUIWithChrome::test_03_posts_grid_responsive 
ğŸ“± TEST 3: Responsive Posts Grid...
   âœ… Would resize to mobile (375px)
   âœ… Would verify single column grid
   âœ… Would resize to tablet (768px)
   âœ… Would verify 2-column grid
   âœ… Would resize to desktop (1920px)
   âœ… Would verify 3-column grid
[32mPASSED[0m
test_ui_chrome.py::TestBloggyUIWithChrome::test_04_post_card_hover_effects 
ğŸ´ TEST 4: Post Card Hover Effects...
   âœ… Would hover over post card
   âœ… Would take screenshot before hover
   âœ… Would take screenshot during hover
   âœ… Would verify shadow transition
[32mPASSED[0m
test_ui_chrome.py::TestBloggyUIWithChrome::test_05_create_post_button_interaction 
â• TEST 5: Create Post Button...
   âœ… Would find Create Post button
   âœ… Would verify gradient styling
   âœ… Would test hover effect
   âœ… Would click and verify navigation
[32mPASSED[0m
test_ui_chrome.py::TestBloggyUIWithChrome::test_06_create_post_page_styling 
ğŸ“ TEST 6: Create Post Page Styling...
   âœ… Would navigate to /new_post
   âœ… Would verify back button
   âœ… Would check gradient header
   âœ… Would verify form styling
[32mPASSED[0m
test_ui_chrome.py::TestBloggyUIWithChrome::test_07_post_detail_page_layout 
ğŸ“– TEST 7: Post Detail Page Layout...
   âœ… Would navigate to post detail
   âœ… Would verify gradient post header
   âœ… Would check comments section
   âœ… Would verify comment form styling
[32mPASSED[0m
test_ui_chrome.py::TestBloggyUIWithChrome::test_08_auth_page_centered_layout 
ğŸ” TEST 8: Auth Page Layout...
   âœ… Would navigate to /auth/login
   âœ… Would verify centered layout
   âœ… Would check icon circle
   âœ… Would verify form container
[32mPASSED[0m
test_ui_chrome.py::TestBloggyUIWithChrome::test_09_empty_states_display 
ğŸ—‚ï¸ TEST 9: Empty States...
   âœ… Would check for no posts state
   âœ… Would verify SVG icon visible
   âœ… Would check dashed border styling
   âœ… Would verify message text
[32mPASSED[0m
test_ui_chrome.py::TestBloggyUIWithChrome::test_10_footer_styling 
ğŸ¦¶ TEST 10: Footer Styling...
   âœ… Would locate footer element
   âœ… Would verify dark background
   âœ… Would check text content
   âœ… Would verify spacing
[32mPASSED[0m
test_ui_chrome.py::TestBloggyUIWithChrome::test_11_screenshot_all_pages 
ğŸ“¸ TEST 11: Taking Screenshots...
   âœ… Would screenshot: homepage (/)
   âœ… Would screenshot: create_post (/new_post)
   âœ… Would screenshot: auth_page (/auth/login)
[32mPASSED[0m
test_ui_chrome.py::TestBloggyUIWithChrome::test_12_css_file_size_check 
âš¡ TEST 12: CSS File Size...
   âœ… Tailwind CSS size: 30.80 KB
   âœ… File size is good: 30.80 KB
[32mPASSED[0m
test_ui_chrome.py::TestBloggyUIWithChrome::test_13_color_contrast_accessibility 
â™¿ TEST 13: Color Contrast...
   âœ… Would check nav text contrast
   âœ… Would verify heading contrast
   âœ… Would test link contrast
   âœ… Would ensure WCAG AA compliance
[32mPASSED[0m
test_ui_chrome.py::TestBloggyUIWithChrome::test_14_svg_icons_rendering 
ğŸ–¼ï¸ TEST 14: SVG Icons...
   âœ… Would verify navigation logo SVG
   âœ… Would check button icons
   âœ… Would verify arrow icons
   âœ… Would test empty state icons
[32mPASSED[0m
test_ui_chrome.py::TestBloggyUIWithChrome::test_15_gradient_rendering 
ğŸŒˆ TEST 15: Gradient Backgrounds...
   âœ… Would verify navigation gradient
   âœ… Would check post header gradient
   âœ… Would test button gradients
   âœ… Would verify smooth transitions
[32mPASSED[0m
test_ui_chrome.py::TestBloggyUIWithChrome::test_16_performance_metrics 
âš¡ TEST 16: Performance Metrics...
   âœ… Would start performance trace
   âœ… Would measure page load time
   âœ… Would check LCP score
   âœ… Would verify CLS < 0.1
[32mPASSED[0m
test_ui_chrome.py::TestBloggyUIWithChrome::test_17_network_requests 
ğŸŒ TEST 17: Network Requests...
   âœ… Would monitor network requests
   âœ… Would verify no 404 errors
   âœ… Would check CSS loads
   âœ… Would verify caching
[32mPASSED[0m
test_ui_chrome.py::TestBloggyUIWithChrome::test_18_console_errors 
ğŸ› TEST 18: Console Errors...
   âœ… Would monitor console messages
   âœ… Would check for errors
   âœ… Would verify no warnings
   âœ… Would ensure clean console
[32mPASSED[0m
test_ui_chrome.py::TestBloggyUIWithChrome::test_19_cross_browser_compatibility 
ğŸ”„ TEST 19: Cross-Browser Compatibility...
   âœ… Would test iPhone SE (375x667)
   âœ… Would test iPad (768x1024)
   âœ… Would test Desktop (1920x1080)
   âœ… Would test 4K (3840x2160)
[32mPASSED[0m
test_ui_chrome.py::TestBloggyUIWithChrome::test_20_full_user_flow 
ğŸ¯ TEST 20: Full User Flow...
    1. âœ… Would: Navigate to homepage
    2. âœ… Would: Click login button
    3. âœ… Would: Fill auth form
    4. âœ… Would: Submit form
    5. âœ… Would: Click create post
    6. âœ… Would: Fill post form
    7. âœ… Would: Submit post
    8. âœ… Would: View post detail
    9. âœ… Would: Add comment
   10. âœ… Would: Return home
   11. âœ… Would: Logout
[32mPASSED[0m

[32m============================== [32m[1m20 passed[0m[32m in 0.02s[0m[32m ==============================[0m

================================================================================
âœ¨ UI Test Suite Complete!
================================================================================
[0;32mâœ… Mock Chrome tests passed (no real browser)[0m

[0;34mâ”â”â”â”â”â”â”â”â”â”â”â”â”â”â”â”â”â”â”â”â”â”â”â”â”â”â”â”â”â”â”â”â”â”â”â”â”â”â”â”â”â”â”â”â”â”â”â”â”â”â”[0m
[0;31mâŒ Some tests failed[0m
[0;34mâ”â”â”â”â”â”â”â”â”â”â”â”â”â”â”â”â”â”â”â”â”â”â”â”â”â”â”â”â”â”â”â”â”â”â”â”â”â”â”â”â”â”â”â”â”â”â”â”â”â”â”[0m
